<?xml version="1.0" encoding="UTF-8"?>
<!-- Generated by org.testng.reporters.JUnitXMLReporter -->
<testsuite ignored="1" hostname="DESKTOP-LRHR7A2" failures="0" tests="3" name="Default test" time="4.441" errors="0" timestamp="2024-07-05T14:35:43 IST">
  <testcase classname="com.poppulo.employee_api_tests.UpdateEmployeeAPITest" name="TCUO1_validateValidEmployeeUpdate" time="2.477"/>
  <testcase classname="com.poppulo.employee_api_tests.UpdateEmployeeAPITest" name="TCU02_validateUpdationWithInvalidEmployeeId" time="0.641"/>
  <testcase classname="com.poppulo.employee_api_tests.UpdateEmployeeAPITest" name="TCU03_validateDataUpdationOfValidEmployeeWithInvalidData" time="0.563"/>
  <testcase classname="com.poppulo.employee_api_tests.UpdateEmployeeAPITest" name="TCU04_validateEmptyEmployeeDataUpdate" time="0.0">
    <ignored/>
  </testcase> <!-- TCU04_validateEmptyEmployeeDataUpdate -->
</testsuite> <!-- Default test -->
