<?xml version="1.0" encoding="UTF-8"?>
<!-- Generated by org.testng.reporters.JUnitXMLReporter -->
<testsuite ignored="1" hostname="DESKTOP-LRHR7A2" failures="0" tests="3" name="Default test" time="3.819" errors="0" timestamp="2024-07-04T21:13:34 IST">
  <testcase classname="com.poppulo.employee_api_tests.UpdateEmployeeAPITest" name="validateValidEmployeeUpdate" time="2.577"/>
  <testcase classname="com.poppulo.employee_api_tests.UpdateEmployeeAPITest" name="validateInvalidEmployeeIdUpdate" time="0.63"/>
  <testcase classname="com.poppulo.employee_api_tests.UpdateEmployeeAPITest" name="validateInvalidEmployeeDataUpdate" time="0.512"/>
  <testcase classname="com.poppulo.employee_api_tests.UpdateEmployeeAPITest" name="validateEmptyEmployeeDataUpdate" time="0.0">
    <ignored/>
  </testcase> <!-- validateEmptyEmployeeDataUpdate -->
</testsuite> <!-- Default test -->
