<?xml version="1.0" encoding="UTF-8"?>
<!-- Generated by org.testng.reporters.JUnitXMLReporter -->
<testsuite ignored="4" hostname="DESKTOP-LRHR7A2" failures="4" tests="23" name="Test" time="17.453" errors="0" timestamp="2024-07-15T14:31:27 IST">
  <testcase classname="com.poppulo.employee_api_tests.CreateEmployeeAPITests" name="TC001_ValidateCustomerApiWithValidData" time="2.745"/>
  <testcase classname="com.poppulo.employee_api_tests.CreateEmployeeAPITests" name="TC001_ValidateCustomerApiWithValidData" time="0.493"/>
  <testcase classname="com.poppulo.employee_api_tests.CreateEmployeeAPITests" name="TC002_ValidateCustomerApiWithInValidData" time="0.949">
    <failure type="java.lang.AssertionError" message="The following asserts failed:
	Able to create employee with invalid data Expected status code 400 but found 201 expected [400] but found [201]">
      <![CDATA[java.lang.AssertionError: The following asserts failed:
Able to create employee with invalid data Expected status code 400 but found 201 expected [400] but found [201]
at com.poppulo.employee_api_methods.ResponseHandler.handleApiResponseCode(ResponseHandler.java:23)
at com.poppulo.employee_api_tests.CreateEmployeeAPITests.TC002_ValidateCustomerApiWithInValidData(CreateEmployeeAPITests.java:95)
at java.base/java.util.ArrayList.forEach(ArrayList.java:1511)
... Removed 29 stack frames]]>
    </failure>
  </testcase> <!-- TC002_ValidateCustomerApiWithInValidData -->
  <testcase classname="com.poppulo.employee_api_tests.CreateEmployeeAPITests" name="TC002_ValidateCustomerApiWithInValidData" time="0.599">
    <failure type="java.lang.AssertionError" message="The following asserts failed:
	Able to create employee with invalid data Expected status code 400 but found 201 expected [400] but found [201]">
      <![CDATA[java.lang.AssertionError: The following asserts failed:
Able to create employee with invalid data Expected status code 400 but found 201 expected [400] but found [201]
at com.poppulo.employee_api_methods.ResponseHandler.handleApiResponseCode(ResponseHandler.java:23)
at com.poppulo.employee_api_tests.CreateEmployeeAPITests.TC002_ValidateCustomerApiWithInValidData(CreateEmployeeAPITests.java:95)
at java.base/java.util.ArrayList.forEach(ArrayList.java:1511)
... Removed 29 stack frames]]>
    </failure>
  </testcase> <!-- TC002_ValidateCustomerApiWithInValidData -->
  <testcase classname="com.poppulo.employee_api_tests.CreateEmployeeAPITests" name="TC002_ValidateCustomerApiWithInValidData" time="0.687">
    <failure type="java.lang.AssertionError" message="The following asserts failed:
	Able to create employee with invalid data Expected status code 400 but found 201 expected [400] but found [201]">
      <![CDATA[java.lang.AssertionError: The following asserts failed:
Able to create employee with invalid data Expected status code 400 but found 201 expected [400] but found [201]
at com.poppulo.employee_api_methods.ResponseHandler.handleApiResponseCode(ResponseHandler.java:23)
at com.poppulo.employee_api_tests.CreateEmployeeAPITests.TC002_ValidateCustomerApiWithInValidData(CreateEmployeeAPITests.java:95)
at java.base/java.util.ArrayList.forEach(ArrayList.java:1511)
... Removed 29 stack frames]]>
    </failure>
  </testcase> <!-- TC002_ValidateCustomerApiWithInValidData -->
  <testcase classname="com.poppulo.employee_api_tests.CreateEmployeeAPITests" name="TC003_ValidateMultipleEmployeeCReationWithSameDataAndVerifyUniqueIdForEachEmployee" time="0.943"/>
  <testcase classname="com.poppulo.employee_api_tests.CreateEmployeeAPITests" name="TC003_ValidateMultipleEmployeeCReationWithSameDataAndVerifyUniqueIdForEachEmployee" time="0.491"/>
  <testcase classname="com.poppulo.employee_api_tests.CreateEmployeeAPITests" name="TC004_ValidateUniqueEmployeeIds" time="0.004"/>
  <testcase classname="com.poppulo.employee_api_tests.CreateEmployeeAPITests" name="TC004__ValidateCreateAPILatency" time="0.456"/>
  <testcase classname="com.poppulo.employee_api_tests.GetEmployeeAPITest" name="TCG01_ValidateGetRequestForValidUser" time="0.187"/>
  <testcase classname="com.poppulo.employee_api_tests.GetEmployeeAPITest" name="TCG02_ValidateGetRequestForNonExistentUser" time="0.099"/>
  <testcase classname="com.poppulo.employee_api_tests.GetEmployeeAPITest" name="TCG03_ValidateGetAPILatency" time="0.121"/>
  <testcase classname="com.poppulo.employee_api_tests.UpdateEmployeeAPITest" name="TCUO1_validateValidEmployeeUpdate" time="0.506"/>
  <testcase classname="com.poppulo.employee_api_tests.UpdateEmployeeAPITest" name="TCU02_validateUpdationWithInvalidEmployeeId" time="0.702"/>
  <testcase classname="com.poppulo.employee_api_tests.UpdateEmployeeAPITest" name="TCU03_validateDataUpdationOfValidEmployeeWithInvalidData" time="0.535"/>
  <testcase classname="com.poppulo.employee_api_tests.UpdateEmployeeAPITest" name="TC005__ValidateUpdateAPILatency" time="0.574"/>
  <testcase classname="com.poppulo.employee_api_tests.DeleteEmployeeTest" name="TCD001_ValidateValidEmployeeDeletion" time="0.571"/>
  <testcase classname="com.poppulo.employee_api_tests.DeleteEmployeeTest" name="TCD002_ValidatetNonExistentEmployeeDeletion" time="0.484"/>
  <testcase classname="com.poppulo.employee_api_tests.DeleteEmployeeTest" name="TCD003_ValidatetDeletionOfEmployeeWithInvalidIdFormat" time="0.522"/>
  <testcase classname="com.poppulo.employee_api_tests.DeleteEmployeeTest" name="TCD004_ValidateDeleteEmployeeWithEmptyId" time="0.524"/>
  <testcase classname="com.poppulo.employee_api_tests.DeleteEmployeeTest" name="TCD005_ValidateDeleteEmployeeWithMalformedRequest" time="0.719">
    <failure type="java.lang.AssertionError" message="The following asserts failed:
	Able to delete  employee with malformed delete request Expected status code 400 but found 204 expected [400] but found [204]">
      <![CDATA[java.lang.AssertionError: The following asserts failed:
Able to delete  employee with malformed delete request Expected status code 400 but found 204 expected [400] but found [204]
at com.poppulo.employee_api_methods.ResponseHandler.handleApiResponseCode(ResponseHandler.java:23)
at com.poppulo.employee_api_tests.DeleteEmployeeTest.TCD005_ValidateDeleteEmployeeWithMalformedRequest(DeleteEmployeeTest.java:93)
at java.base/java.util.ArrayList.forEach(ArrayList.java:1511)
... Removed 29 stack frames]]>
    </failure>
  </testcase> <!-- TCD005_ValidateDeleteEmployeeWithMalformedRequest -->
  <testcase classname="com.poppulo.employee_api_tests.DeleteEmployeeTest" name="TCD006_ValidateSimultaneousDeleteOperations" time="2.856"/>
  <testcase classname="com.poppulo.employee_api_tests.DeleteEmployeeTest" name="TCD007_ValidateDeletetAPILatency" time="0.514"/>
  <testcase classname="com.poppulo.employee_api_basetest.BaseTest" name="@AfterSuite tearDown" time="0.0">
    <ignored/>
  </testcase> <!-- @AfterSuite tearDown -->
  <testcase classname="com.poppulo.employee_api_basetest.BaseTest" name="@AfterSuite tearDown" time="0.0">
    <ignored/>
  </testcase> <!-- @AfterSuite tearDown -->
  <testcase classname="com.poppulo.employee_api_basetest.BaseTest" name="@AfterSuite tearDown" time="0.0">
    <ignored/>
  </testcase> <!-- @AfterSuite tearDown -->
  <testcase classname="com.poppulo.employee_api_tests.UpdateEmployeeAPITest" name="TCU04_validateEmptyEmployeeDataUpdate" time="0.0">
    <ignored/>
  </testcase> <!-- TCU04_validateEmptyEmployeeDataUpdate -->
</testsuite> <!-- Test -->
