<?xml version="1.0" encoding="UTF-8"?>
<!-- Generated by org.testng.reporters.JUnitXMLReporter -->
<testsuite ignored="4" hostname="DESKTOP-LRHR7A2" failures="4" tests="23" name="Test" time="16.585" errors="0" timestamp="2024-07-05T19:13:04 IST">
  <testcase classname="com.poppulo.employee_api_tests.CreateEmployeeAPITests" name="TC001_ValidateCustomerApiWithValidData" time="2.791"/>
  <testcase classname="com.poppulo.employee_api_tests.CreateEmployeeAPITests" name="TC001_ValidateCustomerApiWithValidData" time="0.516"/>
  <testcase classname="com.poppulo.employee_api_tests.CreateEmployeeAPITests" name="TC002_ValidateCustomerApiWithInValidData" time="0.473"/>
  <testcase classname="com.poppulo.employee_api_tests.CreateEmployeeAPITests" name="TC002_ValidateCustomerApiWithInValidData" time="0.512"/>
  <testcase classname="com.poppulo.employee_api_tests.CreateEmployeeAPITests" name="TC002_ValidateCustomerApiWithInValidData" time="0.494"/>
  <testcase classname="com.poppulo.employee_api_tests.CreateEmployeeAPITests" name="TC003_ValidateMultipleEmployeeCReationWithSameDataAndVerifyUniqueIdForEachEmployee" time="0.522"/>
  <testcase classname="com.poppulo.employee_api_tests.CreateEmployeeAPITests" name="TC003_ValidateMultipleEmployeeCReationWithSameDataAndVerifyUniqueIdForEachEmployee" time="0.482"/>
  <testcase classname="com.poppulo.employee_api_tests.CreateEmployeeAPITests" name="TC004_ValidateUniqueEmployeeIds" time="0.001"/>
  <testcase classname="com.poppulo.employee_api_tests.CreateEmployeeAPITests" name="TC004__ValidateCreateAPILatency" time="0.701"/>
  <testcase classname="com.poppulo.employee_api_tests.GetEmployeeAPITest" name="TCG01_ValidateGetRequestForValidUser" time="0.197"/>
  <testcase classname="com.poppulo.employee_api_tests.GetEmployeeAPITest" name="TCG02_ValidateGetRequestForNonExistentUser" time="0.117"/>
  <testcase classname="com.poppulo.employee_api_tests.GetEmployeeAPITest" name="TCG03_ValidateGetAPILatency" time="0.116"/>
  <testcase classname="com.poppulo.employee_api_tests.UpdateEmployeeAPITest" name="TCUO1_validateValidEmployeeUpdate" time="0.466"/>
  <testcase classname="com.poppulo.employee_api_tests.UpdateEmployeeAPITest" name="TCU02_validateUpdationWithInvalidEmployeeId" time="0.683"/>
  <testcase classname="com.poppulo.employee_api_tests.UpdateEmployeeAPITest" name="TCU03_validateDataUpdationOfValidEmployeeWithInvalidData" time="0.482"/>
  <testcase classname="com.poppulo.employee_api_tests.UpdateEmployeeAPITest" name="TC005__ValidateUpdateAPILatency" time="0.507"/>
  <testcase classname="com.poppulo.employee_api_tests.DeleteEmployeeTest" name="TCD001_ValidateValidEmployeeDeletion" time="0.478"/>
  <testcase classname="com.poppulo.employee_api_tests.DeleteEmployeeTest" name="TCD002_ValidatetNonExistentEmployeeDeletion" time="0.715">
    <failure type="java.lang.AssertionError" message="Expected status code 404 (Not Found),Able to delete NonExistent employee expected [404] but found [204]">
      <![CDATA[java.lang.AssertionError: Expected status code 404 (Not Found),Able to delete NonExistent employee expected [404] but found [204]
at com.poppulo.employee_api_tests.DeleteEmployeeTest.TCD002_ValidatetNonExistentEmployeeDeletion(DeleteEmployeeTest.java:57)
at java.base/java.util.ArrayList.forEach(ArrayList.java:1511)
... Removed 32 stack frames]]>
    </failure>
  </testcase> <!-- TCD002_ValidatetNonExistentEmployeeDeletion -->
  <testcase classname="com.poppulo.employee_api_tests.DeleteEmployeeTest" name="TCD003_ValidatetDeletionOfEmployeeWithInvalidIdFormat" time="0.696">
    <failure type="java.lang.AssertionError" message="Expected status code 400 (Bad Request),Able to delete  employee with InvalidIdFormat expected [400] but found [204]">
      <![CDATA[java.lang.AssertionError: Expected status code 400 (Bad Request),Able to delete  employee with InvalidIdFormat expected [400] but found [204]
at com.poppulo.employee_api_tests.DeleteEmployeeTest.TCD003_ValidatetDeletionOfEmployeeWithInvalidIdFormat(DeleteEmployeeTest.java:67)
at java.base/java.util.ArrayList.forEach(ArrayList.java:1511)
... Removed 32 stack frames]]>
    </failure>
  </testcase> <!-- TCD003_ValidatetDeletionOfEmployeeWithInvalidIdFormat -->
  <testcase classname="com.poppulo.employee_api_tests.DeleteEmployeeTest" name="TCD004_ValidateDeleteEmployeeWithEmptyId" time="1.329">
    <failure type="java.lang.AssertionError" message="Expected status code 400 (Bad Request),Able to delete  employee with empty id expected [400] but found [204]">
      <![CDATA[java.lang.AssertionError: Expected status code 400 (Bad Request),Able to delete  employee with empty id expected [400] but found [204]
at com.poppulo.employee_api_tests.DeleteEmployeeTest.TCD004_ValidateDeleteEmployeeWithEmptyId(DeleteEmployeeTest.java:77)
at java.base/java.util.ArrayList.forEach(ArrayList.java:1511)
... Removed 32 stack frames]]>
    </failure>
  </testcase> <!-- TCD004_ValidateDeleteEmployeeWithEmptyId -->
  <testcase classname="com.poppulo.employee_api_tests.DeleteEmployeeTest" name="TCD005_ValidateDeleteEmployeeWithMalformedRequest" time="0.505">
    <failure type="java.lang.AssertionError" message="Expected status code 400 (Bad Request),Able to delete  employee with malformed delete request expected [400] but found [204]">
      <![CDATA[java.lang.AssertionError: Expected status code 400 (Bad Request),Able to delete  employee with malformed delete request expected [400] but found [204]
at com.poppulo.employee_api_tests.DeleteEmployeeTest.TCD005_ValidateDeleteEmployeeWithMalformedRequest(DeleteEmployeeTest.java:91)
at java.base/java.util.ArrayList.forEach(ArrayList.java:1511)
... Removed 32 stack frames]]>
    </failure>
  </testcase> <!-- TCD005_ValidateDeleteEmployeeWithMalformedRequest -->
  <testcase classname="com.poppulo.employee_api_tests.DeleteEmployeeTest" name="TCD006_ValidateSimultaneousDeleteOperations" time="2.178"/>
  <testcase classname="com.poppulo.employee_api_tests.DeleteEmployeeTest" name="TCD007_ValidateDeletetAPILatency" time="0.424"/>
  <testcase classname="com.poppulo.employee_api_basetest.BaseTest" name="@AfterSuite tearDown" time="0.0">
    <ignored/>
  </testcase> <!-- @AfterSuite tearDown -->
  <testcase classname="com.poppulo.employee_api_basetest.BaseTest" name="@AfterSuite tearDown" time="0.0">
    <ignored/>
  </testcase> <!-- @AfterSuite tearDown -->
  <testcase classname="com.poppulo.employee_api_basetest.BaseTest" name="@AfterSuite tearDown" time="0.0">
    <ignored/>
  </testcase> <!-- @AfterSuite tearDown -->
  <testcase classname="com.poppulo.employee_api_tests.UpdateEmployeeAPITest" name="TCU04_validateEmptyEmployeeDataUpdate" time="0.0">
    <ignored/>
  </testcase> <!-- TCU04_validateEmptyEmployeeDataUpdate -->
</testsuite> <!-- Test -->
