<?xml version="1.0" encoding="UTF-8"?>
<testng-results ignored="4" total="27" passed="19" failed="4" skipped="0">
  <reporter-output>
  </reporter-output>
  <suite started-at="2024-07-05T19:12:48 IST" name="Suite" finished-at="2024-07-05T19:13:04 IST" duration-ms="16585">
    <groups>
    </groups>
    <test started-at="2024-07-05T19:12:48 IST" name="Test" finished-at="2024-07-05T19:13:04 IST" duration-ms="16585">
      <class name="com.poppulo.employee_api_tests.CreateEmployeeAPITests">
        <test-method is-config="true" signature="Initialization()[pri:0, instance:com.poppulo.employee_api_tests.CreateEmployeeAPITests@6dd93a21]" started-at="2024-07-05T19:12:49 IST" name="Initialization" finished-at="2024-07-05T19:12:49 IST" duration-ms="8" status="PASS">
          <reporter-output>
          </reporter-output>
        </test-method> <!-- Initialization -->
        <test-method signature="TC001_ValidateCustomerApiWithValidData(java.util.HashMap)[pri:1, instance:com.poppulo.employee_api_tests.CreateEmployeeAPITests@6dd93a21]" started-at="2024-07-05T19:12:49 IST" name="TC001_ValidateCustomerApiWithValidData" data-provider="data" finished-at="2024-07-05T19:12:51 IST" duration-ms="2791" status="PASS">
          <params>
            <param index="0">
              <value>
                <![CDATA[{name=sia, job=qa}]]>
              </value>
            </param>
          </params>
          <reporter-output>
          </reporter-output>
        </test-method> <!-- TC001_ValidateCustomerApiWithValidData -->
        <test-method is-config="true" signature="Initialization()[pri:0, instance:com.poppulo.employee_api_tests.CreateEmployeeAPITests@6dd93a21]" started-at="2024-07-05T19:12:51 IST" name="Initialization" finished-at="2024-07-05T19:12:51 IST" duration-ms="1" status="PASS">
          <reporter-output>
          </reporter-output>
        </test-method> <!-- Initialization -->
        <test-method signature="TC001_ValidateCustomerApiWithValidData(java.util.HashMap)[pri:1, instance:com.poppulo.employee_api_tests.CreateEmployeeAPITests@6dd93a21]" started-at="2024-07-05T19:12:51 IST" name="TC001_ValidateCustomerApiWithValidData" data-provider="data" finished-at="2024-07-05T19:12:52 IST" duration-ms="516" status="PASS">
          <params>
            <param index="0">
              <value>
                <![CDATA[{name=kia  MALHOTRA J, job=dev}]]>
              </value>
            </param>
          </params>
          <reporter-output>
          </reporter-output>
        </test-method> <!-- TC001_ValidateCustomerApiWithValidData -->
        <test-method signature="TC002_ValidateCustomerApiWithInValidData(java.util.HashMap)[pri:2, instance:com.poppulo.employee_api_tests.CreateEmployeeAPITests@6dd93a21]" started-at="2024-07-05T19:12:52 IST" name="TC002_ValidateCustomerApiWithInValidData" data-provider="data" finished-at="2024-07-05T19:12:52 IST" duration-ms="473" status="PASS">
          <params>
            <param index="0">
              <value>
                <![CDATA[{name="$%%^, job=qa}]]>
              </value>
            </param>
          </params>
          <reporter-output>
          </reporter-output>
        </test-method> <!-- TC002_ValidateCustomerApiWithInValidData -->
        <test-method is-config="true" signature="Initialization()[pri:0, instance:com.poppulo.employee_api_tests.CreateEmployeeAPITests@6dd93a21]" started-at="2024-07-05T19:12:52 IST" name="Initialization" finished-at="2024-07-05T19:12:52 IST" duration-ms="0" status="PASS">
          <reporter-output>
          </reporter-output>
        </test-method> <!-- Initialization -->
        <test-method is-config="true" signature="Initialization()[pri:0, instance:com.poppulo.employee_api_tests.CreateEmployeeAPITests@6dd93a21]" started-at="2024-07-05T19:12:52 IST" name="Initialization" finished-at="2024-07-05T19:12:52 IST" duration-ms="1" status="PASS">
          <reporter-output>
          </reporter-output>
        </test-method> <!-- Initialization -->
        <test-method signature="TC002_ValidateCustomerApiWithInValidData(java.util.HashMap)[pri:2, instance:com.poppulo.employee_api_tests.CreateEmployeeAPITests@6dd93a21]" started-at="2024-07-05T19:12:52 IST" name="TC002_ValidateCustomerApiWithInValidData" data-provider="data" finished-at="2024-07-05T19:12:53 IST" duration-ms="512" status="PASS">
          <params>
            <param index="0">
              <value>
                <![CDATA[{name=Rohit, job=%$%^&}]]>
              </value>
            </param>
          </params>
          <reporter-output>
          </reporter-output>
        </test-method> <!-- TC002_ValidateCustomerApiWithInValidData -->
        <test-method signature="TC002_ValidateCustomerApiWithInValidData(java.util.HashMap)[pri:2, instance:com.poppulo.employee_api_tests.CreateEmployeeAPITests@6dd93a21]" started-at="2024-07-05T19:12:53 IST" name="TC002_ValidateCustomerApiWithInValidData" data-provider="data" finished-at="2024-07-05T19:12:54 IST" duration-ms="494" status="PASS">
          <params>
            <param index="0">
              <value>
                <![CDATA[{name=Hiya, job=}]]>
              </value>
            </param>
          </params>
          <reporter-output>
          </reporter-output>
        </test-method> <!-- TC002_ValidateCustomerApiWithInValidData -->
        <test-method is-config="true" signature="Initialization()[pri:0, instance:com.poppulo.employee_api_tests.CreateEmployeeAPITests@6dd93a21]" started-at="2024-07-05T19:12:53 IST" name="Initialization" finished-at="2024-07-05T19:12:53 IST" duration-ms="0" status="PASS">
          <reporter-output>
          </reporter-output>
        </test-method> <!-- Initialization -->
        <test-method is-config="true" signature="Initialization()[pri:0, instance:com.poppulo.employee_api_tests.CreateEmployeeAPITests@6dd93a21]" started-at="2024-07-05T19:12:54 IST" name="Initialization" finished-at="2024-07-05T19:12:54 IST" duration-ms="1" status="PASS">
          <reporter-output>
          </reporter-output>
        </test-method> <!-- Initialization -->
        <test-method signature="TC003_ValidateMultipleEmployeeCReationWithSameDataAndVerifyUniqueIdForEachEmployee(java.util.HashMap)[pri:3, instance:com.poppulo.employee_api_tests.CreateEmployeeAPITests@6dd93a21]" started-at="2024-07-05T19:12:54 IST" name="TC003_ValidateMultipleEmployeeCReationWithSameDataAndVerifyUniqueIdForEachEmployee" data-provider="data" finished-at="2024-07-05T19:12:54 IST" duration-ms="522" status="PASS">
          <params>
            <param index="0">
              <value>
                <![CDATA[{name=Dhoni, job=PM}]]>
              </value>
            </param>
          </params>
          <reporter-output>
          </reporter-output>
        </test-method> <!-- TC003_ValidateMultipleEmployeeCReationWithSameDataAndVerifyUniqueIdForEachEmployee -->
        <test-method is-config="true" signature="Initialization()[pri:0, instance:com.poppulo.employee_api_tests.CreateEmployeeAPITests@6dd93a21]" started-at="2024-07-05T19:12:54 IST" name="Initialization" finished-at="2024-07-05T19:12:54 IST" duration-ms="1" status="PASS">
          <reporter-output>
          </reporter-output>
        </test-method> <!-- Initialization -->
        <test-method signature="TC003_ValidateMultipleEmployeeCReationWithSameDataAndVerifyUniqueIdForEachEmployee(java.util.HashMap)[pri:3, instance:com.poppulo.employee_api_tests.CreateEmployeeAPITests@6dd93a21]" started-at="2024-07-05T19:12:54 IST" name="TC003_ValidateMultipleEmployeeCReationWithSameDataAndVerifyUniqueIdForEachEmployee" data-provider="data" finished-at="2024-07-05T19:12:55 IST" duration-ms="482" status="PASS">
          <params>
            <param index="0">
              <value>
                <![CDATA[{name=Dhoni, job=PM}]]>
              </value>
            </param>
          </params>
          <reporter-output>
          </reporter-output>
        </test-method> <!-- TC003_ValidateMultipleEmployeeCReationWithSameDataAndVerifyUniqueIdForEachEmployee -->
        <test-method is-config="true" signature="Initialization()[pri:0, instance:com.poppulo.employee_api_tests.CreateEmployeeAPITests@6dd93a21]" started-at="2024-07-05T19:12:55 IST" name="Initialization" finished-at="2024-07-05T19:12:55 IST" duration-ms="3" status="PASS">
          <reporter-output>
          </reporter-output>
        </test-method> <!-- Initialization -->
        <test-method signature="TC004_ValidateUniqueEmployeeIds()[pri:4, instance:com.poppulo.employee_api_tests.CreateEmployeeAPITests@6dd93a21]" started-at="2024-07-05T19:12:55 IST" name="TC004_ValidateUniqueEmployeeIds" finished-at="2024-07-05T19:12:55 IST" depends-on-methods="com.poppulo.employee_api_tests.CreateEmployeeAPITests.TC003_ValidateMultipleEmployeeCReationWithSameDataAndVerifyUniqueIdForEachEmployee" duration-ms="1" status="PASS">
          <reporter-output>
          </reporter-output>
        </test-method> <!-- TC004_ValidateUniqueEmployeeIds -->
        <test-method is-config="true" signature="Initialization()[pri:0, instance:com.poppulo.employee_api_tests.CreateEmployeeAPITests@6dd93a21]" started-at="2024-07-05T19:12:55 IST" name="Initialization" finished-at="2024-07-05T19:12:55 IST" duration-ms="1" status="PASS">
          <reporter-output>
          </reporter-output>
        </test-method> <!-- Initialization -->
        <test-method signature="TC004__ValidateCreateAPILatency(java.util.HashMap)[pri:5, instance:com.poppulo.employee_api_tests.CreateEmployeeAPITests@6dd93a21]" started-at="2024-07-05T19:12:55 IST" name="TC004__ValidateCreateAPILatency" data-provider="data" finished-at="2024-07-05T19:12:55 IST" duration-ms="701" status="PASS">
          <params>
            <param index="0">
              <value>
                <![CDATA[{name=Popy, job=PM}]]>
              </value>
            </param>
          </params>
          <reporter-output>
          </reporter-output>
        </test-method> <!-- TC004__ValidateCreateAPILatency -->
        <test-method is-config="true" signature="tearDown()[pri:0, instance:com.poppulo.employee_api_tests.CreateEmployeeAPITests@6dd93a21]" started-at="2024-07-05T19:13:05 IST" name="tearDown" finished-at="2024-07-05T19:13:05 IST" duration-ms="1" status="PASS">
          <reporter-output>
          </reporter-output>
        </test-method> <!-- tearDown -->
      </class> <!-- com.poppulo.employee_api_tests.CreateEmployeeAPITests -->
      <class name="com.poppulo.employee_api_tests.GetEmployeeAPITest">
        <test-method is-config="true" signature="Initialization()[pri:0, instance:com.poppulo.employee_api_tests.GetEmployeeAPITest@7923f5b3]" started-at="2024-07-05T19:12:55 IST" name="Initialization" finished-at="2024-07-05T19:12:55 IST" duration-ms="0" status="PASS">
          <reporter-output>
          </reporter-output>
        </test-method> <!-- Initialization -->
        <test-method signature="TCG01_ValidateGetRequestForValidUser(java.util.HashMap)[pri:1, instance:com.poppulo.employee_api_tests.GetEmployeeAPITest@7923f5b3]" started-at="2024-07-05T19:12:55 IST" name="TCG01_ValidateGetRequestForValidUser" data-provider="getdata" finished-at="2024-07-05T19:12:55 IST" duration-ms="197" status="PASS">
          <params>
            <param index="0">
              <value>
                <![CDATA[{last_name=Weaver, id=2.0, avatar=https://reqres.in/img/faces/2-image.jpg, text=To keep ReqRes free, contributions towards server costs are appreciated!, first_name=Janet, email=janet.weaver@reqres.in, url=https://reqres.in/#support-heading}]]>
              </value>
            </param>
          </params>
          <reporter-output>
          </reporter-output>
        </test-method> <!-- TCG01_ValidateGetRequestForValidUser -->
        <test-method is-config="true" signature="Initialization()[pri:0, instance:com.poppulo.employee_api_tests.GetEmployeeAPITest@7923f5b3]" started-at="2024-07-05T19:12:55 IST" name="Initialization" finished-at="2024-07-05T19:12:55 IST" duration-ms="1" status="PASS">
          <reporter-output>
          </reporter-output>
        </test-method> <!-- Initialization -->
        <test-method signature="TCG02_ValidateGetRequestForNonExistentUser()[pri:2, instance:com.poppulo.employee_api_tests.GetEmployeeAPITest@7923f5b3]" started-at="2024-07-05T19:12:55 IST" name="TCG02_ValidateGetRequestForNonExistentUser" finished-at="2024-07-05T19:12:56 IST" duration-ms="117" status="PASS">
          <reporter-output>
          </reporter-output>
        </test-method> <!-- TCG02_ValidateGetRequestForNonExistentUser -->
        <test-method is-config="true" signature="Initialization()[pri:0, instance:com.poppulo.employee_api_tests.GetEmployeeAPITest@7923f5b3]" started-at="2024-07-05T19:12:56 IST" name="Initialization" finished-at="2024-07-05T19:12:56 IST" duration-ms="1" status="PASS">
          <reporter-output>
          </reporter-output>
        </test-method> <!-- Initialization -->
        <test-method signature="TCG03_ValidateGetAPILatency()[pri:3, instance:com.poppulo.employee_api_tests.GetEmployeeAPITest@7923f5b3]" started-at="2024-07-05T19:12:56 IST" name="TCG03_ValidateGetAPILatency" finished-at="2024-07-05T19:12:56 IST" duration-ms="116" status="PASS">
          <reporter-output>
          </reporter-output>
        </test-method> <!-- TCG03_ValidateGetAPILatency -->
      </class> <!-- com.poppulo.employee_api_tests.GetEmployeeAPITest -->
      <class name="com.poppulo.employee_api_tests.UpdateEmployeeAPITest">
        <test-method is-config="true" signature="Initialization()[pri:0, instance:com.poppulo.employee_api_tests.UpdateEmployeeAPITest@6b63d445]" started-at="2024-07-05T19:12:56 IST" name="Initialization" finished-at="2024-07-05T19:12:56 IST" duration-ms="1" status="PASS">
          <reporter-output>
          </reporter-output>
        </test-method> <!-- Initialization -->
        <test-method signature="TCUO1_validateValidEmployeeUpdate(java.util.HashMap)[pri:1, instance:com.poppulo.employee_api_tests.UpdateEmployeeAPITest@6b63d445]" started-at="2024-07-05T19:12:56 IST" name="TCUO1_validateValidEmployeeUpdate" data-provider="updateData" finished-at="2024-07-05T19:12:56 IST" duration-ms="466" status="PASS">
          <params>
            <param index="0">
              <value>
                <![CDATA[{name=morpheus, job=zion resident}]]>
              </value>
            </param>
          </params>
          <reporter-output>
          </reporter-output>
        </test-method> <!-- TCUO1_validateValidEmployeeUpdate -->
        <test-method is-config="true" signature="Initialization()[pri:0, instance:com.poppulo.employee_api_tests.UpdateEmployeeAPITest@6b63d445]" started-at="2024-07-05T19:12:56 IST" name="Initialization" finished-at="2024-07-05T19:12:56 IST" duration-ms="1" status="PASS">
          <reporter-output>
          </reporter-output>
        </test-method> <!-- Initialization -->
        <test-method signature="TCU02_validateUpdationWithInvalidEmployeeId(java.util.HashMap)[pri:2, instance:com.poppulo.employee_api_tests.UpdateEmployeeAPITest@6b63d445]" started-at="2024-07-05T19:12:56 IST" name="TCU02_validateUpdationWithInvalidEmployeeId" data-provider="updateData" finished-at="2024-07-05T19:12:57 IST" duration-ms="683" status="PASS">
          <params>
            <param index="0">
              <value>
                <![CDATA[{name=Manju, job=Dev}]]>
              </value>
            </param>
          </params>
          <reporter-output>
          </reporter-output>
        </test-method> <!-- TCU02_validateUpdationWithInvalidEmployeeId -->
        <test-method signature="TCU03_validateDataUpdationOfValidEmployeeWithInvalidData(java.util.HashMap)[pri:3, instance:com.poppulo.employee_api_tests.UpdateEmployeeAPITest@6b63d445]" started-at="2024-07-05T19:12:57 IST" name="TCU03_validateDataUpdationOfValidEmployeeWithInvalidData" data-provider="updateData" finished-at="2024-07-05T19:12:57 IST" duration-ms="482" status="PASS">
          <params>
            <param index="0">
              <value>
                <![CDATA[{name=$%^, job=*&^}]]>
              </value>
            </param>
          </params>
          <reporter-output>
          </reporter-output>
        </test-method> <!-- TCU03_validateDataUpdationOfValidEmployeeWithInvalidData -->
        <test-method is-config="true" signature="Initialization()[pri:0, instance:com.poppulo.employee_api_tests.UpdateEmployeeAPITest@6b63d445]" started-at="2024-07-05T19:12:57 IST" name="Initialization" finished-at="2024-07-05T19:12:57 IST" duration-ms="0" status="PASS">
          <reporter-output>
          </reporter-output>
        </test-method> <!-- Initialization -->
        <test-method is-config="true" signature="Initialization()[pri:0, instance:com.poppulo.employee_api_tests.UpdateEmployeeAPITest@6b63d445]" started-at="2024-07-05T19:12:57 IST" name="Initialization" finished-at="2024-07-05T19:12:57 IST" duration-ms="0" status="PASS">
          <reporter-output>
          </reporter-output>
        </test-method> <!-- Initialization -->
        <test-method signature="TC005__ValidateUpdateAPILatency(java.util.HashMap)[pri:5, instance:com.poppulo.employee_api_tests.UpdateEmployeeAPITest@6b63d445]" started-at="2024-07-05T19:12:57 IST" name="TC005__ValidateUpdateAPILatency" data-provider="updateData" finished-at="2024-07-05T19:12:58 IST" duration-ms="507" status="PASS">
          <params>
            <param index="0">
              <value>
                <![CDATA[{name=morpheus, job=zion resident}]]>
              </value>
            </param>
          </params>
          <reporter-output>
          </reporter-output>
        </test-method> <!-- TC005__ValidateUpdateAPILatency -->
      </class> <!-- com.poppulo.employee_api_tests.UpdateEmployeeAPITest -->
      <class name="com.poppulo.employee_api_tests.DeleteEmployeeTest">
        <test-method is-config="true" signature="Initialization()[pri:0, instance:com.poppulo.employee_api_tests.DeleteEmployeeTest@7578e06a]" started-at="2024-07-05T19:12:58 IST" name="Initialization" finished-at="2024-07-05T19:12:58 IST" duration-ms="5" status="PASS">
          <reporter-output>
          </reporter-output>
        </test-method> <!-- Initialization -->
        <test-method signature="TCD001_ValidateValidEmployeeDeletion()[pri:1, instance:com.poppulo.employee_api_tests.DeleteEmployeeTest@7578e06a]" started-at="2024-07-05T19:12:58 IST" name="TCD001_ValidateValidEmployeeDeletion" finished-at="2024-07-05T19:12:58 IST" duration-ms="478" status="PASS">
          <reporter-output>
          </reporter-output>
        </test-method> <!-- TCD001_ValidateValidEmployeeDeletion -->
        <test-method is-config="true" signature="Initialization()[pri:0, instance:com.poppulo.employee_api_tests.DeleteEmployeeTest@7578e06a]" started-at="2024-07-05T19:12:58 IST" name="Initialization" finished-at="2024-07-05T19:12:58 IST" duration-ms="1" status="PASS">
          <reporter-output>
          </reporter-output>
        </test-method> <!-- Initialization -->
        <test-method signature="TCD002_ValidatetNonExistentEmployeeDeletion()[pri:2, instance:com.poppulo.employee_api_tests.DeleteEmployeeTest@7578e06a]" started-at="2024-07-05T19:12:58 IST" name="TCD002_ValidatetNonExistentEmployeeDeletion" finished-at="2024-07-05T19:12:59 IST" duration-ms="715" status="FAIL">
          <exception class="java.lang.AssertionError">
            <message>
              <![CDATA[Expected status code 404 (Not Found),Able to delete NonExistent employee expected [404] but found [204]]]>
            </message>
            <full-stacktrace>
              <![CDATA[java.lang.AssertionError: Expected status code 404 (Not Found),Able to delete NonExistent employee expected [404] but found [204]
at org.testng.Assert.fail(Assert.java:99)
at org.testng.Assert.failNotEquals(Assert.java:1037)
at org.testng.Assert.assertEqualsImpl(Assert.java:140)
at org.testng.Assert.assertEquals(Assert.java:122)
at org.testng.Assert.assertEquals(Assert.java:907)
at com.poppulo.employee_api_tests.DeleteEmployeeTest.TCD002_ValidatetNonExistentEmployeeDeletion(DeleteEmployeeTest.java:57)
at java.base/jdk.internal.reflect.NativeMethodAccessorImpl.invoke0(Native Method)
at java.base/jdk.internal.reflect.NativeMethodAccessorImpl.invoke(NativeMethodAccessorImpl.java:77)
at java.base/jdk.internal.reflect.DelegatingMethodAccessorImpl.invoke(DelegatingMethodAccessorImpl.java:43)
at java.base/java.lang.reflect.Method.invoke(Method.java:568)
at org.testng.internal.MethodInvocationHelper.invokeMethod(MethodInvocationHelper.java:133)
at org.testng.internal.TestInvoker.invokeMethod(TestInvoker.java:598)
at org.testng.internal.TestInvoker.invokeTestMethod(TestInvoker.java:173)
at org.testng.internal.MethodRunner.runInSequence(MethodRunner.java:46)
at org.testng.internal.TestInvoker$MethodInvocationAgent.invoke(TestInvoker.java:824)
at org.testng.internal.TestInvoker.invokeTestMethods(TestInvoker.java:146)
at org.testng.internal.TestMethodWorker.invokeTestMethods(TestMethodWorker.java:146)
at org.testng.internal.TestMethodWorker.run(TestMethodWorker.java:128)
at java.base/java.util.ArrayList.forEach(ArrayList.java:1511)
at org.testng.TestRunner.privateRun(TestRunner.java:794)
at org.testng.TestRunner.run(TestRunner.java:596)
at org.testng.SuiteRunner.runTest(SuiteRunner.java:377)
at org.testng.SuiteRunner.runSequentially(SuiteRunner.java:371)
at org.testng.SuiteRunner.privateRun(SuiteRunner.java:332)
at org.testng.SuiteRunner.run(SuiteRunner.java:276)
at org.testng.SuiteRunnerWorker.runSuite(SuiteRunnerWorker.java:53)
at org.testng.SuiteRunnerWorker.run(SuiteRunnerWorker.java:96)
at org.testng.TestNG.runSuitesSequentially(TestNG.java:1212)
at org.testng.TestNG.runSuitesLocally(TestNG.java:1134)
at org.testng.TestNG.runSuites(TestNG.java:1063)
at org.testng.TestNG.run(TestNG.java:1031)
at org.testng.remote.AbstractRemoteTestNG.run(AbstractRemoteTestNG.java:115)
at org.testng.remote.RemoteTestNG.initAndRun(RemoteTestNG.java:293)
at org.testng.remote.RemoteTestNG.main(RemoteTestNG.java:91)
]]>
            </full-stacktrace>
          </exception> <!-- java.lang.AssertionError -->
          <reporter-output>
          </reporter-output>
        </test-method> <!-- TCD002_ValidatetNonExistentEmployeeDeletion -->
        <test-method is-config="true" signature="Initialization()[pri:0, instance:com.poppulo.employee_api_tests.DeleteEmployeeTest@7578e06a]" started-at="2024-07-05T19:12:59 IST" name="Initialization" finished-at="2024-07-05T19:12:59 IST" duration-ms="0" status="PASS">
          <reporter-output>
          </reporter-output>
        </test-method> <!-- Initialization -->
        <test-method signature="TCD003_ValidatetDeletionOfEmployeeWithInvalidIdFormat()[pri:3, instance:com.poppulo.employee_api_tests.DeleteEmployeeTest@7578e06a]" started-at="2024-07-05T19:12:59 IST" name="TCD003_ValidatetDeletionOfEmployeeWithInvalidIdFormat" finished-at="2024-07-05T19:13:00 IST" duration-ms="696" status="FAIL">
          <exception class="java.lang.AssertionError">
            <message>
              <![CDATA[Expected status code 400 (Bad Request),Able to delete  employee with InvalidIdFormat expected [400] but found [204]]]>
            </message>
            <full-stacktrace>
              <![CDATA[java.lang.AssertionError: Expected status code 400 (Bad Request),Able to delete  employee with InvalidIdFormat expected [400] but found [204]
at org.testng.Assert.fail(Assert.java:99)
at org.testng.Assert.failNotEquals(Assert.java:1037)
at org.testng.Assert.assertEqualsImpl(Assert.java:140)
at org.testng.Assert.assertEquals(Assert.java:122)
at org.testng.Assert.assertEquals(Assert.java:907)
at com.poppulo.employee_api_tests.DeleteEmployeeTest.TCD003_ValidatetDeletionOfEmployeeWithInvalidIdFormat(DeleteEmployeeTest.java:67)
at java.base/jdk.internal.reflect.NativeMethodAccessorImpl.invoke0(Native Method)
at java.base/jdk.internal.reflect.NativeMethodAccessorImpl.invoke(NativeMethodAccessorImpl.java:77)
at java.base/jdk.internal.reflect.DelegatingMethodAccessorImpl.invoke(DelegatingMethodAccessorImpl.java:43)
at java.base/java.lang.reflect.Method.invoke(Method.java:568)
at org.testng.internal.MethodInvocationHelper.invokeMethod(MethodInvocationHelper.java:133)
at org.testng.internal.TestInvoker.invokeMethod(TestInvoker.java:598)
at org.testng.internal.TestInvoker.invokeTestMethod(TestInvoker.java:173)
at org.testng.internal.MethodRunner.runInSequence(MethodRunner.java:46)
at org.testng.internal.TestInvoker$MethodInvocationAgent.invoke(TestInvoker.java:824)
at org.testng.internal.TestInvoker.invokeTestMethods(TestInvoker.java:146)
at org.testng.internal.TestMethodWorker.invokeTestMethods(TestMethodWorker.java:146)
at org.testng.internal.TestMethodWorker.run(TestMethodWorker.java:128)
at java.base/java.util.ArrayList.forEach(ArrayList.java:1511)
at org.testng.TestRunner.privateRun(TestRunner.java:794)
at org.testng.TestRunner.run(TestRunner.java:596)
at org.testng.SuiteRunner.runTest(SuiteRunner.java:377)
at org.testng.SuiteRunner.runSequentially(SuiteRunner.java:371)
at org.testng.SuiteRunner.privateRun(SuiteRunner.java:332)
at org.testng.SuiteRunner.run(SuiteRunner.java:276)
at org.testng.SuiteRunnerWorker.runSuite(SuiteRunnerWorker.java:53)
at org.testng.SuiteRunnerWorker.run(SuiteRunnerWorker.java:96)
at org.testng.TestNG.runSuitesSequentially(TestNG.java:1212)
at org.testng.TestNG.runSuitesLocally(TestNG.java:1134)
at org.testng.TestNG.runSuites(TestNG.java:1063)
at org.testng.TestNG.run(TestNG.java:1031)
at org.testng.remote.AbstractRemoteTestNG.run(AbstractRemoteTestNG.java:115)
at org.testng.remote.RemoteTestNG.initAndRun(RemoteTestNG.java:293)
at org.testng.remote.RemoteTestNG.main(RemoteTestNG.java:91)
]]>
            </full-stacktrace>
          </exception> <!-- java.lang.AssertionError -->
          <reporter-output>
          </reporter-output>
        </test-method> <!-- TCD003_ValidatetDeletionOfEmployeeWithInvalidIdFormat -->
        <test-method is-config="true" signature="Initialization()[pri:0, instance:com.poppulo.employee_api_tests.DeleteEmployeeTest@7578e06a]" started-at="2024-07-05T19:13:00 IST" name="Initialization" finished-at="2024-07-05T19:13:00 IST" duration-ms="0" status="PASS">
          <reporter-output>
          </reporter-output>
        </test-method> <!-- Initialization -->
        <test-method signature="TCD004_ValidateDeleteEmployeeWithEmptyId()[pri:4, instance:com.poppulo.employee_api_tests.DeleteEmployeeTest@7578e06a]" started-at="2024-07-05T19:13:00 IST" name="TCD004_ValidateDeleteEmployeeWithEmptyId" finished-at="2024-07-05T19:13:01 IST" duration-ms="1329" status="FAIL">
          <exception class="java.lang.AssertionError">
            <message>
              <![CDATA[Expected status code 400 (Bad Request),Able to delete  employee with empty id expected [400] but found [204]]]>
            </message>
            <full-stacktrace>
              <![CDATA[java.lang.AssertionError: Expected status code 400 (Bad Request),Able to delete  employee with empty id expected [400] but found [204]
at org.testng.Assert.fail(Assert.java:99)
at org.testng.Assert.failNotEquals(Assert.java:1037)
at org.testng.Assert.assertEqualsImpl(Assert.java:140)
at org.testng.Assert.assertEquals(Assert.java:122)
at org.testng.Assert.assertEquals(Assert.java:907)
at com.poppulo.employee_api_tests.DeleteEmployeeTest.TCD004_ValidateDeleteEmployeeWithEmptyId(DeleteEmployeeTest.java:77)
at java.base/jdk.internal.reflect.NativeMethodAccessorImpl.invoke0(Native Method)
at java.base/jdk.internal.reflect.NativeMethodAccessorImpl.invoke(NativeMethodAccessorImpl.java:77)
at java.base/jdk.internal.reflect.DelegatingMethodAccessorImpl.invoke(DelegatingMethodAccessorImpl.java:43)
at java.base/java.lang.reflect.Method.invoke(Method.java:568)
at org.testng.internal.MethodInvocationHelper.invokeMethod(MethodInvocationHelper.java:133)
at org.testng.internal.TestInvoker.invokeMethod(TestInvoker.java:598)
at org.testng.internal.TestInvoker.invokeTestMethod(TestInvoker.java:173)
at org.testng.internal.MethodRunner.runInSequence(MethodRunner.java:46)
at org.testng.internal.TestInvoker$MethodInvocationAgent.invoke(TestInvoker.java:824)
at org.testng.internal.TestInvoker.invokeTestMethods(TestInvoker.java:146)
at org.testng.internal.TestMethodWorker.invokeTestMethods(TestMethodWorker.java:146)
at org.testng.internal.TestMethodWorker.run(TestMethodWorker.java:128)
at java.base/java.util.ArrayList.forEach(ArrayList.java:1511)
at org.testng.TestRunner.privateRun(TestRunner.java:794)
at org.testng.TestRunner.run(TestRunner.java:596)
at org.testng.SuiteRunner.runTest(SuiteRunner.java:377)
at org.testng.SuiteRunner.runSequentially(SuiteRunner.java:371)
at org.testng.SuiteRunner.privateRun(SuiteRunner.java:332)
at org.testng.SuiteRunner.run(SuiteRunner.java:276)
at org.testng.SuiteRunnerWorker.runSuite(SuiteRunnerWorker.java:53)
at org.testng.SuiteRunnerWorker.run(SuiteRunnerWorker.java:96)
at org.testng.TestNG.runSuitesSequentially(TestNG.java:1212)
at org.testng.TestNG.runSuitesLocally(TestNG.java:1134)
at org.testng.TestNG.runSuites(TestNG.java:1063)
at org.testng.TestNG.run(TestNG.java:1031)
at org.testng.remote.AbstractRemoteTestNG.run(AbstractRemoteTestNG.java:115)
at org.testng.remote.RemoteTestNG.initAndRun(RemoteTestNG.java:293)
at org.testng.remote.RemoteTestNG.main(RemoteTestNG.java:91)
]]>
            </full-stacktrace>
          </exception> <!-- java.lang.AssertionError -->
          <reporter-output>
          </reporter-output>
        </test-method> <!-- TCD004_ValidateDeleteEmployeeWithEmptyId -->
        <test-method is-config="true" signature="Initialization()[pri:0, instance:com.poppulo.employee_api_tests.DeleteEmployeeTest@7578e06a]" started-at="2024-07-05T19:13:01 IST" name="Initialization" finished-at="2024-07-05T19:13:01 IST" duration-ms="2" status="PASS">
          <reporter-output>
          </reporter-output>
        </test-method> <!-- Initialization -->
        <test-method signature="TCD005_ValidateDeleteEmployeeWithMalformedRequest()[pri:5, instance:com.poppulo.employee_api_tests.DeleteEmployeeTest@7578e06a]" started-at="2024-07-05T19:13:01 IST" name="TCD005_ValidateDeleteEmployeeWithMalformedRequest" finished-at="2024-07-05T19:13:02 IST" duration-ms="505" status="FAIL">
          <exception class="java.lang.AssertionError">
            <message>
              <![CDATA[Expected status code 400 (Bad Request),Able to delete  employee with malformed delete request expected [400] but found [204]]]>
            </message>
            <full-stacktrace>
              <![CDATA[java.lang.AssertionError: Expected status code 400 (Bad Request),Able to delete  employee with malformed delete request expected [400] but found [204]
at org.testng.Assert.fail(Assert.java:99)
at org.testng.Assert.failNotEquals(Assert.java:1037)
at org.testng.Assert.assertEqualsImpl(Assert.java:140)
at org.testng.Assert.assertEquals(Assert.java:122)
at org.testng.Assert.assertEquals(Assert.java:907)
at com.poppulo.employee_api_tests.DeleteEmployeeTest.TCD005_ValidateDeleteEmployeeWithMalformedRequest(DeleteEmployeeTest.java:91)
at java.base/jdk.internal.reflect.NativeMethodAccessorImpl.invoke0(Native Method)
at java.base/jdk.internal.reflect.NativeMethodAccessorImpl.invoke(NativeMethodAccessorImpl.java:77)
at java.base/jdk.internal.reflect.DelegatingMethodAccessorImpl.invoke(DelegatingMethodAccessorImpl.java:43)
at java.base/java.lang.reflect.Method.invoke(Method.java:568)
at org.testng.internal.MethodInvocationHelper.invokeMethod(MethodInvocationHelper.java:133)
at org.testng.internal.TestInvoker.invokeMethod(TestInvoker.java:598)
at org.testng.internal.TestInvoker.invokeTestMethod(TestInvoker.java:173)
at org.testng.internal.MethodRunner.runInSequence(MethodRunner.java:46)
at org.testng.internal.TestInvoker$MethodInvocationAgent.invoke(TestInvoker.java:824)
at org.testng.internal.TestInvoker.invokeTestMethods(TestInvoker.java:146)
at org.testng.internal.TestMethodWorker.invokeTestMethods(TestMethodWorker.java:146)
at org.testng.internal.TestMethodWorker.run(TestMethodWorker.java:128)
at java.base/java.util.ArrayList.forEach(ArrayList.java:1511)
at org.testng.TestRunner.privateRun(TestRunner.java:794)
at org.testng.TestRunner.run(TestRunner.java:596)
at org.testng.SuiteRunner.runTest(SuiteRunner.java:377)
at org.testng.SuiteRunner.runSequentially(SuiteRunner.java:371)
at org.testng.SuiteRunner.privateRun(SuiteRunner.java:332)
at org.testng.SuiteRunner.run(SuiteRunner.java:276)
at org.testng.SuiteRunnerWorker.runSuite(SuiteRunnerWorker.java:53)
at org.testng.SuiteRunnerWorker.run(SuiteRunnerWorker.java:96)
at org.testng.TestNG.runSuitesSequentially(TestNG.java:1212)
at org.testng.TestNG.runSuitesLocally(TestNG.java:1134)
at org.testng.TestNG.runSuites(TestNG.java:1063)
at org.testng.TestNG.run(TestNG.java:1031)
at org.testng.remote.AbstractRemoteTestNG.run(AbstractRemoteTestNG.java:115)
at org.testng.remote.RemoteTestNG.initAndRun(RemoteTestNG.java:293)
at org.testng.remote.RemoteTestNG.main(RemoteTestNG.java:91)
]]>
            </full-stacktrace>
          </exception> <!-- java.lang.AssertionError -->
          <reporter-output>
          </reporter-output>
        </test-method> <!-- TCD005_ValidateDeleteEmployeeWithMalformedRequest -->
        <test-method is-config="true" signature="Initialization()[pri:0, instance:com.poppulo.employee_api_tests.DeleteEmployeeTest@7578e06a]" started-at="2024-07-05T19:13:02 IST" name="Initialization" finished-at="2024-07-05T19:13:02 IST" duration-ms="1" status="PASS">
          <reporter-output>
          </reporter-output>
        </test-method> <!-- Initialization -->
        <test-method signature="TCD006_ValidateSimultaneousDeleteOperations()[pri:6, instance:com.poppulo.employee_api_tests.DeleteEmployeeTest@7578e06a]" started-at="2024-07-05T19:13:02 IST" name="TCD006_ValidateSimultaneousDeleteOperations" finished-at="2024-07-05T19:13:04 IST" duration-ms="2178" status="PASS">
          <reporter-output>
          </reporter-output>
        </test-method> <!-- TCD006_ValidateSimultaneousDeleteOperations -->
        <test-method is-config="true" signature="Initialization()[pri:0, instance:com.poppulo.employee_api_tests.DeleteEmployeeTest@7578e06a]" started-at="2024-07-05T19:13:04 IST" name="Initialization" finished-at="2024-07-05T19:13:04 IST" duration-ms="1" status="PASS">
          <reporter-output>
          </reporter-output>
        </test-method> <!-- Initialization -->
        <test-method signature="TCD007_ValidateDeletetAPILatency()[pri:7, instance:com.poppulo.employee_api_tests.DeleteEmployeeTest@7578e06a]" started-at="2024-07-05T19:13:04 IST" name="TCD007_ValidateDeletetAPILatency" finished-at="2024-07-05T19:13:04 IST" duration-ms="424" status="PASS">
          <reporter-output>
          </reporter-output>
        </test-method> <!-- TCD007_ValidateDeletetAPILatency -->
      </class> <!-- com.poppulo.employee_api_tests.DeleteEmployeeTest -->
    </test> <!-- Test -->
  </suite> <!-- Suite -->
</testng-results>
